I, [2017-12-27T16:20:34.128942 #29426]  INFO -- : Registered expected interaction GET /products
D, [2017-12-27T16:20:34.129348 #29426] DEBUG -- : {
  "description": "a request to retrieve product list",
  "providerState": "it has one product",
  "request": {
    "method": "GET",
    "path": "/products"
  },
  "response": {
    "status": 200,
    "headers": {
    },
    "body": [
      {
        "name": "Foo"
      }
    ]
  }
}
I, [2017-12-27T16:20:34.141588 #29426]  INFO -- : Received request GET /products
D, [2017-12-27T16:20:34.141889 #29426] DEBUG -- : {
  "path": "/products",
  "query": "",
  "method": "get",
  "headers": {
    "Host": "localhost:1234",
    "Connection": "close",
    "Version": "HTTP/1.1"
  }
}
I, [2017-12-27T16:20:34.142241 #29426]  INFO -- : Found matching response for GET /products
D, [2017-12-27T16:20:34.142482 #29426] DEBUG -- : {
  "status": 200,
  "headers": {
  },
  "body": [
    {
      "name": "Foo"
    }
  ]
}
I, [2017-12-27T16:20:34.147515 #29426]  INFO -- : Verifying - interactions matched
I, [2017-12-27T16:20:34.151207 #29426]  INFO -- : Cleared interactions
I, [2017-12-27T16:20:34.156184 #29426]  INFO -- : Writing pact for ProductService to /Users/alextan/Seek/node-pact/client/mock-server/pacts/client-productservice.json
